This is e-pTeX, Version 3.141592653-p4.0.0-220214-2.6 (utf8.euc) (TeX Live 2022) (preloaded format=platex 2022.12.19)  20 JAN 2023 14:18
entering extended mode
 restricted \write18 enabled.
 file:line:error style messages enabled.
 %&-line parsing enabled.
**/Users/tomokinakayama/Desktop/AccentRecognition/main.tex
(/Users/tomokinakayama/Desktop/AccentRecognition/main.tex
pLaTeX2e <2021-11-15>+1 (based on LaTeX2e <2022-11-01> patch level 1)
L3 programming layer <2022-12-17>

/Users/tomokinakayama/Desktop/AccentRecognition/main.tex:1: LaTeX Error: Missing \begin{document}.

See the LaTeX manual or LaTeX Companion for explanation.
Type  H <return>  for immediate help.
 ...                                              
                                                  
l.1 パ
      ワースペクトルにおいて，低周波数帯域から全体に対して閾値で与えられた割... 
Here is how much of TeX's memory you used:
 20 strings out of 476552
 600 string characters out of 5803661
 1848803 words of memory out of 5000000
 20723 multiletter control sequences out of 15000+600000
 516158 words of font info for 49 fonts, out of 8000000 for 9000
 929 hyphenation exceptions out of 8191
 15i,0n,23p,432b,18s stack positions out of 10000i,1000n,20000p,200000b,200000s

No pages of output.
